[2024-11-10 13:03:15] a2
[2024-11-10 13:03:15] PARAMS: MODULE: 20, TIME: 38912, CHUNKS: 38, Q: 4611686019232694273, CONDUCTOR: 24, RADIX: 21
[2024-11-10 13:03:16] OK sage
[2024-11-10 13:04:34] Time for execute_vdf: 75.41s
[2024-11-10 13:04:37] Time for transpose & reshape: 3.32s
[2024-11-10 13:04:37] Time for VDF squeeze challenge: 355.10ms
[2024-11-10 13:06:21] Time for parallel_dot_matrix_matrix (commitment): 103.48s
[2024-11-10 13:06:24] skipping opener...
[2024-11-10 13:06:33]   Time to transpose witness: 9.03s
[2024-11-10 13:12:14]   Time to convolve rows: 341.06s
[2024-11-10 13:12:30]   Time for square root decomposition: 16.37s
[2024-11-10 13:12:33]   Time to get power_series_sub: 2.57s
[2024-11-10 13:16:22]   Time to compute new RHS: 229.38s
[2024-11-10 13:16:37] Time for norm_1: 613.13s
[2024-11-10 13:16:38] Time for norm_challenge: 1.08s
[2024-11-10 13:16:40] 1269760, 1269760
[2024-11-10 13:18:55] Time for norm_2: 136.78s
[2024-11-10 13:18:55] 72 114 3 114
[2024-11-10 13:18:55] Time for verify_norm_2: 1.52ms
[2024-11-10 13:19:30]  Splitting 1024 chunks
[2024-11-10 13:19:30]  Precisely 1269760 
[2024-11-10 13:19:33]  into 512 0 512 chunks
[2024-11-10 13:19:33]  precisely 634880 0 634880 chunks
[2024-11-10 13:25:28] Time for split: 393.24s
[2024-11-10 13:25:28]   Time to compute initial parameters: 96.00ns
[2024-11-10 13:25:28]   Time to extract left and right columns from RHS: 503.85µs
[2024-11-10 13:25:28]   Time to compute the center commitment: 39.00ns
[2024-11-10 13:25:28]   Time to compute the multiplier: 307.50µs
[2024-11-10 13:25:28]   Time for row-wise tensor product: 1.00ms
[2024-11-10 13:25:28]   Time to combine results and verify the commitment: 754.48µs
[2024-11-10 13:25:28] Time for verify_split: 2.99ms
[2024-11-10 13:25:28] Time for challenge fold: 720.23µs
[2024-11-10 13:27:50] Time for fold: 142.20s
[2024-11-10 13:27:50] Time for fold verifier: 16.83ms
[2024-11-10 13:27:56]   Time to transpose witness: 4.47s
[2024-11-10 13:30:53]   Time to convolve rows: 176.34s
[2024-11-10 13:31:00]   Time for square root decomposition: 7.40s
[2024-11-10 13:31:01]   Time to get power_series_sub: 1.46s
[2024-11-10 13:33:02]   Time to compute new RHS: 120.23s
[2024-11-10 13:33:09] Time for norm_1: 317.26s
[2024-11-10 13:33:10] Time for norm_challenge: 1.02s
[2024-11-10 13:33:11] 634880, 634880
[2024-11-10 13:34:31] Time for norm_2: 80.47s
[2024-11-10 13:34:31] 75 114 3 114
[2024-11-10 13:34:31] Time for verify_norm_2: 1.53ms
[2024-11-10 13:34:42]  Splitting 512 chunks
[2024-11-10 13:34:42]  Precisely 634880 
[2024-11-10 13:34:44]  into 256 0 256 chunks
[2024-11-10 13:34:44]  precisely 317440 0 317440 chunks
[2024-11-10 13:38:49] Time for split: 258.31s
[2024-11-10 13:38:49]   Time to compute initial parameters: 151.00ns
[2024-11-10 13:38:49]   Time to extract left and right columns from RHS: 837.48µs
[2024-11-10 13:38:49]   Time to compute the center commitment: 35.00ns
[2024-11-10 13:38:49]   Time to compute the multiplier: 599.92µs
[2024-11-10 13:38:49]   Time for row-wise tensor product: 1.06ms
[2024-11-10 13:38:49]   Time to combine results and verify the commitment: 759.48µs
[2024-11-10 13:38:49] Time for verify_split: 3.73ms
[2024-11-10 13:38:49] Time for challenge fold: 767.04µs
[2024-11-10 13:40:00] Time for fold: 71.04s
[2024-11-10 13:40:00] Time for fold verifier: 28.16ms
[2024-11-10 13:40:01]   Time to calculate max_inf_norm_witness: 69.04ms
[2024-11-10 13:40:01]   Time to calculate parts: 10.53µs
[2024-11-10 13:40:01]   Time to transpose witness: 329.61ms
[2024-11-10 13:40:02]   Time to decompose columns: 655.29ms
[2024-11-10 13:40:17]   Time to zip columns horizontally: 15.73s
[2024-11-10 13:40:18]   Time to extract relevant columns from power series: 1.05s
[2024-11-10 13:45:50]   Time to compute RHS matrix: 331.86s
[2024-11-10 13:45:53] Time for b_decomp: 352.07s
[2024-11-10 13:45:53] Time for verify_bdecomp: 236.84ms
[2024-11-10 13:52:27]   Time to transpose witness: 5.42s
[2024-11-10 14:02:19]   Time to convolve rows: 591.52s
[2024-11-10 14:03:00]   Time for square root decomposition: 40.88s
[2024-11-10 14:03:00]   Time to get power_series_sub: 776.42ms
[2024-11-10 14:16:07]   Time to compute new RHS: 786.60s
[2024-11-10 14:16:41] Time for norm_1: 1458.79s
[2024-11-10 14:16:42] Time for norm_challenge: 1.09s
[2024-11-10 14:16:42] 317440, 317440
[2024-11-10 14:22:40] Time for norm_2: 358.59s
[2024-11-10 14:22:40] 78 1140 3 1140
[2024-11-10 14:22:40] Time for verify_norm_2: 6.01ms
[2024-11-10 14:22:57]  Splitting 256 chunks
[2024-11-10 14:22:57]  Precisely 317440 
[2024-11-10 14:23:05]  into 128 0 128 chunks
[2024-11-10 14:23:05]  precisely 158720 0 158720 chunks
[2024-11-10 14:43:40] Time for split: 1259.65s
[2024-11-10 14:43:40]   Time to compute initial parameters: 123.00ns
[2024-11-10 14:43:40]   Time to extract left and right columns from RHS: 12.31ms
[2024-11-10 14:43:40]   Time to compute the center commitment: 36.00ns
[2024-11-10 14:43:40]   Time to compute the multiplier: 566.24µs
[2024-11-10 14:43:40]   Time for row-wise tensor product: 3.92ms
[2024-11-10 14:43:40]   Time to combine results and verify the commitment: 6.09ms
[2024-11-10 14:43:40] Time for verify_split: 31.53ms
[2024-11-10 14:43:40] Time for challenge fold: 6.32ms
[2024-11-10 14:49:33] Time for fold: 353.12s
[2024-11-10 14:49:33] Time for fold verifier: 280.97ms
[2024-11-10 14:49:35]   Time to transpose witness: 1.14s
[2024-11-10 14:50:13]   Time to convolve rows: 38.25s
[2024-11-10 14:50:15]   Time for square root decomposition: 1.77s
[2024-11-10 14:50:15]   Time to get power_series_sub: 585.36ms
[2024-11-10 14:50:56]   Time to compute new RHS: 40.76s
[2024-11-10 14:50:57] Time for norm_1: 83.89s
[2024-11-10 14:50:58] Time for norm_challenge: 1.06s
[2024-11-10 14:50:59] 158720, 158720
[2024-11-10 14:51:20] Time for norm_2: 21.03s
[2024-11-10 14:51:20] 81 114 3 114
[2024-11-10 14:51:20] Time for verify_norm_2: 1.54ms
[2024-11-10 14:51:24]  Splitting 128 chunks
[2024-11-10 14:51:24]  Precisely 158720 
[2024-11-10 14:51:24]  into 64 0 64 chunks
[2024-11-10 14:51:24]  precisely 79360 0 79360 chunks
[2024-11-10 14:52:27] Time for split: 67.04s
[2024-11-10 14:52:27]   Time to compute initial parameters: 164.00ns
[2024-11-10 14:52:27]   Time to extract left and right columns from RHS: 732.00µs
[2024-11-10 14:52:27]   Time to compute the center commitment: 34.00ns
[2024-11-10 14:52:27]   Time to compute the multiplier: 291.14µs
[2024-11-10 14:52:27]   Time for row-wise tensor product: 1.21ms
[2024-11-10 14:52:27]   Time to combine results and verify the commitment: 788.48µs
[2024-11-10 14:52:27] Time for verify_split: 4.02ms
[2024-11-10 14:52:27] Time for challenge fold: 801.06µs
[2024-11-10 14:52:44] Time for fold: 17.48s
[2024-11-10 14:52:44] Time for fold verifier: 29.49ms
[2024-11-10 14:52:44]   Time to calculate max_inf_norm_witness: 13.43ms
[2024-11-10 14:52:44]   Time to calculate parts: 1.89µs
[2024-11-10 14:52:44]   Time to transpose witness: 45.65ms
[2024-11-10 14:52:44]   Time to decompose columns: 186.07ms
[2024-11-10 14:52:48]   Time to zip columns horizontally: 3.61s
[2024-11-10 14:52:48]   Time to extract relevant columns from power series: 421.87ms
[2024-11-10 14:54:38]   Time to compute RHS matrix: 109.73s
[2024-11-10 14:54:39] Time for b_decomp: 114.62s
[2024-11-10 14:54:39] Time for verify_bdecomp: 259.11ms
[2024-11-10 14:56:33]   Time to transpose witness: 1.94s
[2024-11-10 14:58:51]   Time to convolve rows: 137.99s
[2024-11-10 14:59:00]   Time for square root decomposition: 8.79s
[2024-11-10 14:59:00]   Time to get power_series_sub: 453.87ms
[2024-11-10 15:02:42]   Time to compute new RHS: 222.00s
[2024-11-10 15:02:51] Time for norm_1: 380.16s
[2024-11-10 15:02:52] Time for norm_challenge: 1.07s
[2024-11-10 15:02:52] 79360, 79360
[2024-11-10 15:04:28] Time for norm_2: 95.80s
[2024-11-10 15:04:28] 84 1254 3 1254
[2024-11-10 15:04:28] Time for verify_norm_2: 9.42ms
[2024-11-10 15:04:33]  Splitting 64 chunks
[2024-11-10 15:04:33]  Precisely 79360 
[2024-11-10 15:04:34]  into 32 0 32 chunks
[2024-11-10 15:04:34]  precisely 39680 0 39680 chunks
[2024-11-10 15:10:18] Time for split: 349.60s
[2024-11-10 15:10:18]   Time to compute initial parameters: 96.00ns
[2024-11-10 15:10:18]   Time to extract left and right columns from RHS: 11.39ms
[2024-11-10 15:10:18]   Time to compute the center commitment: 36.00ns
[2024-11-10 15:10:18]   Time to compute the multiplier: 321.88µs
[2024-11-10 15:10:18]   Time for row-wise tensor product: 4.28ms
[2024-11-10 15:10:18]   Time to combine results and verify the commitment: 4.64ms
[2024-11-10 15:10:18] Time for verify_split: 27.52ms
[2024-11-10 15:10:18] Time for challenge fold: 7.07ms
[2024-11-10 15:11:54] Time for fold: 96.42s
[2024-11-10 15:11:54] Time for fold verifier: 314.45ms
[2024-11-10 15:12:00] Time for final assert_eq: 5.19s
[2024-11-10 15:12:00] VDF: 75.41s
[2024-11-10 15:12:00] PRV: 7127.48s
[2024-11-10 15:12:00] VER: 12.13s
