[2024-11-11 22:43:43] a0
[2024-11-11 22:43:43] PARAMS: MODULE: 23, TIME: 155648, CHUNKS: 38, Q: 4611686078556930049, CONDUCTOR: 24, RADIX: 21
[2024-11-11 22:43:45] OK sage
[2024-11-11 22:50:45] Time for execute_vdf: 403.01s
[2024-11-11 22:51:00] Time for transpose & reshape: 15.03s
[2024-11-11 22:51:01] Time for VDF squeeze challenge: 1.92s
[2024-11-11 23:03:14] Time for parallel_dot_matrix_matrix (commitment): 732.17s
[2024-11-11 23:04:17]   Time to transpose witness: 43.15s
[2024-11-11 23:32:28]   Time to convolve rows: 1690.99s
[2024-11-11 23:34:06]   Time for square root decomposition: 98.49s
[2024-11-11 23:34:29]   Time to get power_series_sub: 22.85s
[2024-11-12 00:02:00]   Time to compute new RHS: 1650.96s
[2024-11-12 00:03:23] Time for norm_1: 3589.96s
[2024-11-12 00:03:25] Time for norm_challenge: 1.24s
[2024-11-12 00:03:37] 5840896, 5840896
[2024-11-12 00:18:46] Time for norm_2: 921.27s
[2024-11-12 00:18:46] 110 114 4 114
[2024-11-12 00:18:46] Time for verify_norm_2: 1.99ms
[2024-11-12 00:20:34]  Splitting 4096 chunks
[2024-11-12 00:20:34]  Precisely 5840896 
[2024-11-12 00:20:43]  into 2048 0 2048 chunks
[2024-11-12 00:20:43]  precisely 2920448 0 2920448 chunks
[2024-11-12 01:03:58] Time for split: 2712.49s
[2024-11-12 01:03:58]   Time to compute initial parameters: 47.00ns
[2024-11-12 01:03:58]   Time to extract left and right columns from RHS: 1.85ms
[2024-11-12 01:03:58]   Time to compute the center commitment: 48.00ns
[2024-11-12 01:03:58]   Time to compute the multiplier: 486.98µs
[2024-11-12 01:03:58]   Time for row-wise tensor product: 1.12ms
[2024-11-12 01:03:58]   Time to combine results and verify the commitment: 1.44ms
[2024-11-12 01:03:58] Time for verify_split: 6.75ms
[2024-11-12 01:03:58] Time for challenge fold: 764.56µs
[2024-11-12 01:14:52] Time for fold: 653.94s
[2024-11-12 01:14:52] Time for fold verifier: 31.44ms
[2024-11-12 01:15:25]   Time to transpose witness: 13.26s
[2024-11-12 01:28:57]   Time to convolve rows: 811.91s
[2024-11-12 01:29:36]   Time for square root decomposition: 38.97s
[2024-11-12 01:30:06]   Time to get power_series_sub: 30.57s
[2024-11-12 01:43:52]   Time to compute new RHS: 826.06s
[2024-11-12 01:44:31] Time for norm_1: 1758.94s
[2024-11-12 01:44:32] Time for norm_challenge: 1.29s
[2024-11-12 01:44:38] 2920448, 2920448
[2024-11-12 01:51:42] Time for norm_2: 430.36s
[2024-11-12 01:51:42] 114 114 3 114
[2024-11-12 01:51:42] Time for verify_norm_2: 1.96ms
[2024-11-12 01:52:43]  Splitting 2048 chunks
[2024-11-12 01:52:43]  Precisely 2920448 
[2024-11-12 01:52:51]  into 1024 0 1024 chunks
[2024-11-12 01:52:51]  precisely 1460224 0 1460224 chunks
[2024-11-12 02:16:31] Time for split: 1488.82s
[2024-11-12 02:16:31]   Time to compute initial parameters: 44.00ns
[2024-11-12 02:16:31]   Time to extract left and right columns from RHS: 1.29ms
[2024-11-12 02:16:31]   Time to compute the center commitment: 49.00ns
[2024-11-12 02:16:31]   Time to compute the multiplier: 520.29µs
[2024-11-12 02:16:31]   Time for row-wise tensor product: 1.02ms
[2024-11-12 02:16:31]   Time to combine results and verify the commitment: 1.04ms
[2024-11-12 02:16:31] Time for verify_split: 4.95ms
[2024-11-12 02:16:31] Time for challenge fold: 757.22µs
[2024-11-12 02:21:56] Time for fold: 324.51s
[2024-11-12 02:21:56] Time for fold verifier: 31.65ms
[2024-11-12 02:22:10]   Time to transpose witness: 10.43s
[2024-11-12 02:28:54]   Time to convolve rows: 404.35s
[2024-11-12 02:29:13]   Time for square root decomposition: 19.41s
[2024-11-12 02:29:21]   Time to get power_series_sub: 7.33s
[2024-11-12 02:37:35]   Time to compute new RHS: 494.79s
[2024-11-12 02:37:53] Time for norm_1: 953.84s
[2024-11-12 02:37:54] Time for norm_challenge: 1.24s
[2024-11-12 02:37:57] 1460224, 1460224
[2024-11-12 02:41:46] Time for norm_2: 231.40s
[2024-11-12 02:41:46] 117 114 3 114
[2024-11-12 02:41:46] Time for verify_norm_2: 2.00ms
[2024-11-12 02:42:25]  Splitting 1024 chunks
[2024-11-12 02:42:25]  Precisely 1460224 
[2024-11-12 02:42:30]  into 512 0 512 chunks
[2024-11-12 02:42:30]  precisely 730112 0 730112 chunks
[2024-11-12 02:54:40] Time for split: 773.87s
[2024-11-12 02:54:40]   Time to compute initial parameters: 47.00ns
[2024-11-12 02:54:40]   Time to extract left and right columns from RHS: 1.72ms
[2024-11-12 02:54:40]   Time to compute the center commitment: 47.00ns
[2024-11-12 02:54:40]   Time to compute the multiplier: 485.28µs
[2024-11-12 02:54:40]   Time for row-wise tensor product: 1.34ms
[2024-11-12 02:54:40]   Time to combine results and verify the commitment: 1.29ms
[2024-11-12 02:54:40] Time for verify_split: 6.50ms
[2024-11-12 02:54:40] Time for challenge fold: 770.61µs
[2024-11-12 02:57:23] Time for fold: 163.82s
[2024-11-12 02:57:23] Time for fold verifier: 31.98ms
[2024-11-12 02:57:25]   Time to calculate max_inf_norm_witness: 205.80ms
[2024-11-12 02:57:25]   Time to calculate parts: 11.24µs
[2024-11-12 02:57:26]   Time to transpose witness: 877.58ms
[2024-11-12 02:57:28]   Time to decompose columns: 1.83s
[2024-11-12 02:58:14]   Time to zip columns horizontally: 45.59s
[2024-11-12 02:58:19]   Time to extract relevant columns from power series: 4.89s
[2024-11-12 03:18:43]   Time to compute RHS matrix: 1224.74s
[2024-11-12 03:18:51] Time for b_decomp: 1286.00s
[2024-11-12 03:18:52] Time for verify_bdecomp: 387.40ms
[2024-11-12 03:40:34]   Time to transpose witness: 15.14s
[2024-11-12 04:04:55]   Time to convolve rows: 1461.20s
[2024-11-12 04:07:00]   Time for square root decomposition: 124.44s
[2024-11-12 04:07:04]   Time to get power_series_sub: 4.54s
[2024-11-12 04:51:27]   Time to compute new RHS: 2663.01s
[2024-11-12 04:53:06] Time for norm_1: 4367.15s
[2024-11-12 04:53:07] Time for norm_challenge: 1.25s
[2024-11-12 04:53:09] 730112, 730112
[2024-11-12 05:25:24] Time for norm_2: 1936.84s
[2024-11-12 05:25:24] 120 1254 3 1254
[2024-11-12 05:25:24] Time for verify_norm_2: 10.93ms
[2024-11-12 05:25:45]  Splitting 512 chunks
[2024-11-12 05:25:45]  Precisely 730112 
[2024-11-12 05:26:02]  into 256 0 256 chunks
[2024-11-12 05:26:02]  precisely 365056 0 365056 chunks
[2024-11-12 06:31:32] Time for split: 3968.08s
[2024-11-12 06:31:32]   Time to compute initial parameters: 48.00ns
[2024-11-12 06:31:32]   Time to extract left and right columns from RHS: 24.54ms
[2024-11-12 06:31:32]   Time to compute the center commitment: 47.00ns
[2024-11-12 06:31:32]   Time to compute the multiplier: 492.99µs
[2024-11-12 06:31:32]   Time for row-wise tensor product: 5.12ms
[2024-11-12 06:31:32]   Time to combine results and verify the commitment: 13.03ms
[2024-11-12 06:31:32] Time for verify_split: 61.53ms
[2024-11-12 06:31:32] Time for challenge fold: 8.33ms
[2024-11-12 06:46:23] Time for fold: 890.98s
[2024-11-12 06:46:24] Time for fold verifier: 346.62ms
[2024-11-12 06:46:33]   Time to transpose witness: 1.56s
[2024-11-12 06:47:59]   Time to convolve rows: 86.61s
[2024-11-12 06:48:04]   Time for square root decomposition: 4.69s
[2024-11-12 06:48:09]   Time to get power_series_sub: 4.82s
[2024-11-12 06:50:07]   Time to compute new RHS: 117.95s
[2024-11-12 06:50:08] Time for norm_1: 216.78s
[2024-11-12 06:50:09] Time for norm_challenge: 1.60s
[2024-11-12 06:50:10] 365056, 365056
[2024-11-12 06:51:01] Time for norm_2: 51.29s
[2024-11-12 06:51:01] 123 114 3 114
[2024-11-12 06:51:01] Time for verify_norm_2: 705.44µs
[2024-11-12 06:51:01]  Splitting 256 chunks
[2024-11-12 06:51:01]  Precisely 365056 
[2024-11-12 06:51:02]  into 128 0 128 chunks
[2024-11-12 06:51:02]  precisely 182528 0 182528 chunks
[2024-11-12 06:54:02] Time for split: 181.16s
[2024-11-12 06:54:02]   Time to compute initial parameters: 49.00ns
[2024-11-12 06:54:02]   Time to extract left and right columns from RHS: 466.64µs
[2024-11-12 06:54:02]   Time to compute the center commitment: 51.00ns
[2024-11-12 06:54:02]   Time to compute the multiplier: 208.75µs
[2024-11-12 06:54:02]   Time for row-wise tensor product: 914.02µs
[2024-11-12 06:54:02]   Time to combine results and verify the commitment: 859.91µs
[2024-11-12 06:54:02] Time for verify_split: 3.56ms
[2024-11-12 06:54:02] Time for challenge fold: 752.94µs
[2024-11-12 06:54:42] Time for fold: 40.49s
[2024-11-12 06:54:42] Time for fold verifier: 32.12ms
[2024-11-12 06:54:43]   Time to transpose witness: 102.33ms
[2024-11-12 06:55:23]   Time to convolve rows: 40.55s
[2024-11-12 06:55:25]   Time for square root decomposition: 1.72s
[2024-11-12 06:55:25]   Time to get power_series_sub: 289.26ms
[2024-11-12 06:56:24]   Time to compute new RHS: 59.08s
[2024-11-12 06:56:25] Time for norm_1: 102.47s
[2024-11-12 06:56:26] Time for norm_challenge: 1.21s
[2024-11-12 06:56:26] 182528, 182528
[2024-11-12 06:56:52] Time for norm_2: 25.38s
[2024-11-12 06:56:52] 126 114 3 114
[2024-11-12 06:56:52] Time for verify_norm_2: 707.32µs
[2024-11-12 06:56:52]  Splitting 128 chunks
[2024-11-12 06:56:52]  Precisely 182528 
[2024-11-12 06:56:52]  into 64 0 64 chunks
[2024-11-12 06:56:52]  precisely 91264 0 91264 chunks
[2024-11-12 06:58:22] Time for split: 90.04s
[2024-11-12 06:58:22]   Time to compute initial parameters: 44.00ns
[2024-11-12 06:58:22]   Time to extract left and right columns from RHS: 461.80µs
[2024-11-12 06:58:22]   Time to compute the center commitment: 45.00ns
[2024-11-12 06:58:22]   Time to compute the multiplier: 194.05µs
[2024-11-12 06:58:22]   Time for row-wise tensor product: 1.15ms
[2024-11-12 06:58:22]   Time to combine results and verify the commitment: 856.77µs
[2024-11-12 06:58:22] Time for verify_split: 3.83ms
[2024-11-12 06:58:22] Time for challenge fold: 770.41µs
[2024-11-12 06:58:42] Time for fold: 20.22s
[2024-11-12 06:58:42] Time for fold verifier: 33.04ms
[2024-11-12 06:58:42]   Time to calculate max_inf_norm_witness: 19.36ms
[2024-11-12 06:58:42]   Time to calculate parts: 1.40µs
[2024-11-12 06:58:42]   Time to transpose witness: 52.50ms
[2024-11-12 06:58:42]   Time to decompose columns: 199.98ms
[2024-11-12 06:58:46]   Time to zip columns horizontally: 3.64s
[2024-11-12 06:58:46]   Time to extract relevant columns from power series: 149.30ms
[2024-11-12 07:02:09]   Time to compute RHS matrix: 203.05s
[2024-11-12 07:02:09] Time for b_decomp: 207.30s
[2024-11-12 07:02:11] Time for verify_bdecomp: 1.63s
[2024-11-12 07:05:09]   Time to transpose witness: 613.83ms
[2024-11-12 07:07:39]   Time to convolve rows: 150.71s
[2024-11-12 07:07:50]   Time for square root decomposition: 10.82s
[2024-11-12 07:07:51]   Time to get power_series_sub: 880.80ms
[2024-11-12 07:13:45]   Time to compute new RHS: 353.64s
[2024-11-12 07:13:53] Time for norm_1: 525.27s
[2024-11-12 07:13:55] Time for norm_challenge: 1.22s
[2024-11-12 07:13:55] 91264, 91264
[2024-11-12 07:16:18] Time for norm_2: 143.27s
[2024-11-12 07:16:18] 129 1368 3 1368
[2024-11-12 07:16:18] Time for verify_norm_2: 7.50ms
[2024-11-12 07:16:23]  Splitting 64 chunks
[2024-11-12 07:16:23]  Precisely 91264 
[2024-11-12 07:16:24]  into 32 0 32 chunks
[2024-11-12 07:16:24]  precisely 45632 0 45632 chunks
[2024-11-12 07:25:17] Time for split: 539.11s
[2024-11-12 07:25:17]   Time to compute initial parameters: 51.00ns
[2024-11-12 07:25:17]   Time to extract left and right columns from RHS: 26.04ms
[2024-11-12 07:25:17]   Time to compute the center commitment: 48.00ns
[2024-11-12 07:25:17]   Time to compute the multiplier: 478.52µs
[2024-11-12 07:25:17]   Time for row-wise tensor product: 5.89ms
[2024-11-12 07:25:17]   Time to combine results and verify the commitment: 15.79ms
[2024-11-12 07:25:17] Time for verify_split: 68.66ms
[2024-11-12 07:25:17] Time for challenge fold: 9.15ms
[2024-11-12 07:27:18] Time for fold: 121.12s
[2024-11-12 07:27:18] Time for fold verifier: 379.87ms
[2024-11-12 07:27:26] Time for final assert_eq: 7.79s
[2024-11-12 07:27:26] VDF: 403.01s
[2024-11-12 07:27:26] PRV: 29463.37s
[2024-11-12 07:27:26] VER: 21.86s
