[2024-11-10 14:25:44] b1
[2024-11-10 14:25:44] PARAMS: MODULE: 32, TIME: 76800, CHUNKS: 48, Q: 4611686019232694273, CONDUCTOR: 24, RADIX: 21
[2024-11-10 14:25:45] OK sage
[2024-11-10 14:31:49] Time for execute_vdf: 351.41s
[2024-11-10 14:31:57] Time for transpose & reshape: 8.15s
[2024-11-10 14:31:58] Time for VDF squeeze challenge: 747.24ms
[2024-11-10 14:43:09] Time for parallel_dot_matrix_matrix (commitment): 670.41s
[2024-11-10 14:43:56]   Time to transpose witness: 32.61s
[2024-11-10 15:01:28]   Time to convolve rows: 1052.03s
[2024-11-10 15:02:25]   Time for square root decomposition: 56.79s
[2024-11-10 15:02:42]   Time to get power_series_sub: 17.58s
[2024-11-10 15:26:19]   Time to compute new RHS: 1416.20s
[2024-11-10 15:27:10] Time for norm_1: 2626.95s
[2024-11-10 15:27:12] Time for norm_challenge: 1.22s
[2024-11-10 15:27:18] 3174400, 3174400
[2024-11-10 15:36:20] Time for norm_2: 548.16s
[2024-11-10 15:36:20] 151 144 4 144
[2024-11-10 15:36:20] Time for verify_norm_2: 3.40ms
[2024-11-10 15:37:28]  Splitting 1600 chunks
[2024-11-10 15:37:28]  Precisely 3174400 
[2024-11-10 15:37:37]  into 800 0 800 chunks
[2024-11-10 15:37:37]  precisely 1587200 0 1587200 chunks
[2024-11-10 16:20:17] Time for split: 2637.12s
[2024-11-10 16:20:17]   Time to compute initial parameters: 47.00ns
[2024-11-10 16:20:17]   Time to extract left and right columns from RHS: 3.34ms
[2024-11-10 16:20:17]   Time to compute the center commitment: 52.00ns
[2024-11-10 16:20:17]   Time to compute the multiplier: 565.23µs
[2024-11-10 16:20:17]   Time for row-wise tensor product: 1.37ms
[2024-11-10 16:20:17]   Time to combine results and verify the commitment: 2.13ms
[2024-11-10 16:20:17] Time for verify_split: 10.47ms
[2024-11-10 16:20:17] Time for challenge fold: 1.49ms
[2024-11-10 16:29:28] Time for fold: 550.92s
[2024-11-10 16:29:28] Time for fold verifier: 62.35ms
[2024-11-10 16:29:48]   Time to transpose witness: 16.24s
[2024-11-10 16:38:29]   Time to convolve rows: 520.63s
[2024-11-10 16:38:53]   Time for square root decomposition: 24.37s
[2024-11-10 16:39:02]   Time to get power_series_sub: 8.68s
[2024-11-10 16:54:01]   Time to compute new RHS: 898.47s
[2024-11-10 16:54:26] Time for norm_1: 1493.99s
[2024-11-10 16:54:27] Time for norm_challenge: 1.32s
[2024-11-10 16:54:31] 1587200, 1587200
[2024-11-10 16:59:45] Time for norm_2: 317.18s
[2024-11-10 16:59:45] 155 144 3 144
[2024-11-10 16:59:45] Time for verify_norm_2: 3.11ms
[2024-11-10 17:00:40]  Splitting 800 chunks
[2024-11-10 17:00:40]  Precisely 1587200 
[2024-11-10 17:00:48]  into 400 0 400 chunks
[2024-11-10 17:00:48]  precisely 793600 0 793600 chunks
[2024-11-10 17:23:22] Time for split: 1416.87s
[2024-11-10 17:23:22]   Time to compute initial parameters: 47.00ns
[2024-11-10 17:23:22]   Time to extract left and right columns from RHS: 3.24ms
[2024-11-10 17:23:22]   Time to compute the center commitment: 51.00ns
[2024-11-10 17:23:22]   Time to compute the multiplier: 621.89µs
[2024-11-10 17:23:22]   Time for row-wise tensor product: 1.41ms
[2024-11-10 17:23:22]   Time to combine results and verify the commitment: 2.05ms
[2024-11-10 17:23:22] Time for verify_split: 10.14ms
[2024-11-10 17:23:22] Time for challenge fold: 1.55ms
[2024-11-10 17:27:58] Time for fold: 276.07s
[2024-11-10 17:27:58] Time for fold verifier: 74.57ms
[2024-11-10 17:28:08]   Time to transpose witness: 8.09s
[2024-11-10 17:32:07]   Time to convolve rows: 238.76s
[2024-11-10 17:32:19]   Time for square root decomposition: 12.05s
[2024-11-10 17:32:23]   Time to get power_series_sub: 4.49s
[2024-11-10 17:39:52]   Time to compute new RHS: 449.14s
[2024-11-10 17:40:04] Time for norm_1: 724.13s
[2024-11-10 17:40:05] Time for norm_challenge: 1.20s
[2024-11-10 17:40:07] 793600, 793600
[2024-11-10 17:42:32] Time for norm_2: 147.18s
[2024-11-10 17:42:32] 158 144 3 144
[2024-11-10 17:42:32] Time for verify_norm_2: 3.07ms
[2024-11-10 17:42:48]  Splitting 400 chunks
[2024-11-10 17:42:48]  Precisely 793600 
[2024-11-10 17:42:51]  into 200 0 200 chunks
[2024-11-10 17:42:51]  precisely 396800 0 396800 chunks
[2024-11-10 17:54:15] Time for split: 703.03s
[2024-11-10 17:54:15]   Time to compute initial parameters: 48.00ns
[2024-11-10 17:54:15]   Time to extract left and right columns from RHS: 3.23ms
[2024-11-10 17:54:15]   Time to compute the center commitment: 52.00ns
[2024-11-10 17:54:15]   Time to compute the multiplier: 659.88µs
[2024-11-10 17:54:15]   Time for row-wise tensor product: 1.55ms
[2024-11-10 17:54:15]   Time to combine results and verify the commitment: 2.02ms
[2024-11-10 17:54:15] Time for verify_split: 10.38ms
[2024-11-10 17:54:15] Time for challenge fold: 1.41ms
[2024-11-10 17:56:33] Time for fold: 137.83s
[2024-11-10 17:56:33] Time for fold verifier: 74.57ms
[2024-11-10 17:56:35]   Time to calculate max_inf_norm_witness: 103.08ms
[2024-11-10 17:56:35]   Time to calculate parts: 10.60µs
[2024-11-10 17:56:37]   Time to transpose witness: 1.72s
[2024-11-10 17:56:38]   Time to decompose columns: 1.25s
[2024-11-10 17:57:18]   Time to zip columns horizontally: 39.44s
[2024-11-10 17:57:21]   Time to extract relevant columns from power series: 3.49s
[2024-11-10 18:16:59]   Time to compute RHS matrix: 1178.32s
[2024-11-10 18:17:04] Time for b_decomp: 1229.38s
[2024-11-10 18:17:05] Time for verify_bdecomp: 646.04ms
[2024-11-10 18:39:28]   Time to transpose witness: 10.26s
[2024-11-10 18:55:18]   Time to convolve rows: 950.02s
[2024-11-10 18:56:58]   Time for square root decomposition: 100.43s
[2024-11-10 18:57:02]   Time to get power_series_sub: 3.49s
[2024-11-10 19:43:47]   Time to compute new RHS: 2805.26s
[2024-11-10 19:44:59] Time for norm_1: 3941.07s
[2024-11-10 19:45:00] Time for norm_challenge: 1.29s
[2024-11-10 19:45:01] 396800, 396800
[2024-11-10 19:58:39] Time for norm_2: 818.43s
[2024-11-10 19:58:39] 161 1728 3 1728
[2024-11-10 19:58:39] Time for verify_norm_2: 37.55ms
[2024-11-10 19:59:12]  Splitting 200 chunks
[2024-11-10 19:59:12]  Precisely 396800 
[2024-11-10 19:59:32]  into 100 0 100 chunks
[2024-11-10 19:59:32]  precisely 198400 0 198400 chunks
[2024-11-10 21:06:51] Time for split: 4091.89s
[2024-11-10 21:06:51]   Time to compute initial parameters: 70.00ns
[2024-11-10 21:06:51]   Time to extract left and right columns from RHS: 38.88ms
[2024-11-10 21:06:51]   Time to compute the center commitment: 52.00ns
[2024-11-10 21:06:51]   Time to compute the multiplier: 626.54µs
[2024-11-10 21:06:51]   Time for row-wise tensor product: 8.65ms
[2024-11-10 21:06:51]   Time to combine results and verify the commitment: 24.95ms
[2024-11-10 21:06:51] Time for verify_split: 105.21ms
[2024-11-10 21:06:51] Time for challenge fold: 18.62ms
[2024-11-10 21:21:54] Time for fold: 903.50s
[2024-11-10 21:21:55] Time for fold verifier: 833.15ms
[2024-11-10 21:21:56]   Time to transpose witness: 1.06s
[2024-11-10 21:22:47]   Time to convolve rows: 50.16s
[2024-11-10 21:22:49]   Time for square root decomposition: 2.83s
[2024-11-10 21:22:50]   Time to get power_series_sub: 868.31ms
[2024-11-10 21:24:50]   Time to compute new RHS: 119.75s
[2024-11-10 21:24:51] Time for norm_1: 175.60s
[2024-11-10 21:24:53] Time for norm_challenge: 1.72s
[2024-11-10 21:24:53] 198400, 198400
[2024-11-10 21:25:33] Time for norm_2: 40.64s
[2024-11-10 21:25:33] 164 144 3 144
[2024-11-10 21:25:33] Time for verify_norm_2: 1.08ms
[2024-11-10 21:25:34]  Splitting 100 chunks
[2024-11-10 21:25:34]  Precisely 198400 
[2024-11-10 21:25:34]  into 50 0 50 chunks
[2024-11-10 21:25:34]  precisely 99200 0 99200 chunks
[2024-11-10 21:28:35] Time for split: 181.30s
[2024-11-10 21:28:35]   Time to compute initial parameters: 44.00ns
[2024-11-10 21:28:35]   Time to extract left and right columns from RHS: 741.39µs
[2024-11-10 21:28:35]   Time to compute the center commitment: 53.00ns
[2024-11-10 21:28:35]   Time to compute the multiplier: 259.15µs
[2024-11-10 21:28:35]   Time for row-wise tensor product: 1.47ms
[2024-11-10 21:28:35]   Time to combine results and verify the commitment: 1.29ms
[2024-11-10 21:28:35] Time for verify_split: 5.68ms
[2024-11-10 21:28:35] Time for challenge fold: 1.31ms
[2024-11-10 21:29:12] Time for fold: 37.27s
[2024-11-10 21:29:12] Time for fold verifier: 77.37ms
[2024-11-10 21:29:12]   Time to calculate max_inf_norm_witness: 15.96ms
[2024-11-10 21:29:12]   Time to calculate parts: 1.69µs
[2024-11-10 21:29:12]   Time to transpose witness: 69.85ms
[2024-11-10 21:29:12]   Time to decompose columns: 284.55ms
[2024-11-10 21:29:18]   Time to zip columns horizontally: 5.65s
[2024-11-10 21:29:18]   Time to extract relevant columns from power series: 208.98ms
[2024-11-10 21:35:08]   Time to compute RHS matrix: 350.33s
[2024-11-10 21:35:09] Time for b_decomp: 356.97s
[2024-11-10 21:35:10] Time for verify_bdecomp: 711.70ms
[2024-11-10 21:40:24]   Time to transpose witness: 2.69s
[2024-11-10 21:43:25]   Time to convolve rows: 181.21s
[2024-11-10 21:43:43]   Time for square root decomposition: 17.95s
[2024-11-10 21:43:44]   Time to get power_series_sub: 660.18ms
[2024-11-10 21:53:52]   Time to compute new RHS: 608.10s
[2024-11-10 21:54:08] Time for norm_1: 827.06s
[2024-11-10 21:54:10] Time for norm_challenge: 1.20s
[2024-11-10 21:54:10] 99200, 99200
[2024-11-10 21:57:10] Time for norm_2: 180.06s
[2024-11-10 21:57:10] 167 1584 3 1584
[2024-11-10 21:57:10] Time for verify_norm_2: 22.02ms
[2024-11-10 21:57:14]  Splitting 50 chunks
[2024-11-10 21:57:14]  Precisely 99200 
[2024-11-10 21:57:16]  into 25 0 25 chunks
[2024-11-10 21:57:16]  precisely 49600 0 49600 chunks
[2024-11-10 22:12:33] Time for split: 923.30s
[2024-11-10 22:12:33]   Time to compute initial parameters: 46.00ns
[2024-11-10 22:12:33]   Time to extract left and right columns from RHS: 40.70ms
[2024-11-10 22:12:33]   Time to compute the center commitment: 52.00ns
[2024-11-10 22:12:33]   Time to compute the multiplier: 627.47µs
[2024-11-10 22:12:33]   Time for row-wise tensor product: 9.17ms
[2024-11-10 22:12:33]   Time to combine results and verify the commitment: 23.43ms
[2024-11-10 22:12:33] Time for verify_split: 104.45ms
[2024-11-10 22:12:33] Time for challenge fold: 16.96ms
[2024-11-10 22:15:43] Time for fold: 189.63s
[2024-11-10 22:15:44] Time for fold verifier: 790.44ms
[2024-11-10 22:15:59] Time for final assert_eq: 14.06s
[2024-11-10 22:15:59] VDF: 351.41s
[2024-11-10 22:15:59] PRV: 26154.10s
[2024-11-10 22:15:59] VER: 26.41s
