[2024-11-10 11:21:26] b2
[2024-11-10 11:21:26] PARAMS: MODULE: 30, TIME: 38400, CHUNKS: 48, Q: 4611686019232694273, CONDUCTOR: 24, RADIX: 21
[2024-11-10 11:21:28] OK sage
[2024-11-10 11:24:09] Time for execute_vdf: 157.46s
[2024-11-10 11:24:14] Time for transpose & reshape: 4.92s
[2024-11-10 11:24:15] Time for VDF squeeze challenge: 334.74ms
[2024-11-10 11:28:02] Time for parallel_dot_matrix_matrix (commitment): 227.11s
[2024-11-10 11:28:07] skipping opener...
[2024-11-10 11:28:22]   Time to transpose witness: 14.92s
[2024-11-10 11:36:16]   Time to convolve rows: 474.69s
[2024-11-10 11:36:41]   Time for square root decomposition: 24.37s
[2024-11-10 11:36:45]   Time to get power_series_sub: 4.64s
[2024-11-10 11:46:03]   Time to compute new RHS: 557.63s
[2024-11-10 11:46:25] Time for norm_1: 1098.61s
[2024-11-10 11:46:26] Time for norm_challenge: 1.12s
[2024-11-10 11:46:29] 1488000, 1488000
[2024-11-10 11:49:53] Time for norm_2: 207.17s
[2024-11-10 11:49:53] 111 144 3 144
[2024-11-10 11:49:53] Time for verify_norm_2: 2.51ms
[2024-11-10 11:50:38]  Splitting 800 chunks
[2024-11-10 11:50:38]  Precisely 1488000 
[2024-11-10 11:50:44]  into 400 0 400 chunks
[2024-11-10 11:50:44]  precisely 744000 0 744000 chunks
[2024-11-10 12:03:46] Time for split: 832.39s
[2024-11-10 12:03:46]   Time to compute initial parameters: 39.00ns
[2024-11-10 12:03:46]   Time to extract left and right columns from RHS: 1.44ms
[2024-11-10 12:03:46]   Time to compute the center commitment: 33.00ns
[2024-11-10 12:03:46]   Time to compute the multiplier: 716.22µs
[2024-11-10 12:03:46]   Time for row-wise tensor product: 1.40ms
[2024-11-10 12:03:46]   Time to combine results and verify the commitment: 1.64ms
[2024-11-10 12:03:46] Time for verify_split: 6.94ms
[2024-11-10 12:03:46] Time for challenge fold: 992.19µs
[2024-11-10 12:08:10] Time for fold: 264.04s
[2024-11-10 12:08:10] Time for fold verifier: 46.72ms
[2024-11-10 12:08:19]   Time to transpose witness: 7.21s
[2024-11-10 12:11:59]   Time to convolve rows: 219.73s
[2024-11-10 12:12:10]   Time for square root decomposition: 11.27s
[2024-11-10 12:12:13]   Time to get power_series_sub: 2.56s
[2024-11-10 12:16:37]   Time to compute new RHS: 264.53s
[2024-11-10 12:16:48] Time for norm_1: 516.02s
[2024-11-10 12:16:49] Time for norm_challenge: 1.12s
[2024-11-10 12:16:50] 744000, 744000
[2024-11-10 12:18:38] Time for norm_2: 108.87s
[2024-11-10 12:18:38] 114 144 3 144
[2024-11-10 12:18:38] Time for verify_norm_2: 2.40ms
[2024-11-10 12:18:52]  Splitting 400 chunks
[2024-11-10 12:18:52]  Precisely 744000 
[2024-11-10 12:18:55]  into 200 0 200 chunks
[2024-11-10 12:18:55]  precisely 372000 0 372000 chunks
[2024-11-10 12:26:18] Time for split: 460.30s
[2024-11-10 12:26:18]   Time to compute initial parameters: 303.00ns
[2024-11-10 12:26:18]   Time to extract left and right columns from RHS: 2.05ms
[2024-11-10 12:26:18]   Time to compute the center commitment: 38.00ns
[2024-11-10 12:26:18]   Time to compute the multiplier: 400.58µs
[2024-11-10 12:26:18]   Time for row-wise tensor product: 1.23ms
[2024-11-10 12:26:18]   Time to combine results and verify the commitment: 1.55ms
[2024-11-10 12:26:18] Time for verify_split: 6.67ms
[2024-11-10 12:26:18] Time for challenge fold: 1.19ms
[2024-11-10 12:28:29] Time for fold: 130.67s
[2024-11-10 12:28:29] Time for fold verifier: 51.15ms
[2024-11-10 12:28:30]   Time to calculate max_inf_norm_witness: 118.62ms
[2024-11-10 12:28:30]   Time to calculate parts: 11.11µs
[2024-11-10 12:28:31]   Time to transpose witness: 646.24ms
[2024-11-10 12:28:33]   Time to decompose columns: 2.43s
[2024-11-10 12:28:56]   Time to zip columns horizontally: 22.78s
[2024-11-10 12:28:57]   Time to extract relevant columns from power series: 1.59s
[2024-11-10 12:40:47]   Time to compute RHS matrix: 709.42s
[2024-11-10 12:40:51] Time for b_decomp: 741.09s
[2024-11-10 12:40:51] Time for verify_bdecomp: 479.19ms
[2024-11-10 12:53:14]   Time to transpose witness: 8.26s
[2024-11-10 13:05:57]   Time to convolve rows: 763.20s
[2024-11-10 13:07:03]   Time for square root decomposition: 66.08s
[2024-11-10 13:07:04]   Time to get power_series_sub: 1.11s
[2024-11-10 13:31:04]   Time to compute new RHS: 1439.53s
[2024-11-10 13:31:53] Time for norm_1: 2327.36s
[2024-11-10 13:31:54] Time for norm_challenge: 1.13s
[2024-11-10 13:31:55] 372000, 372000
[2024-11-10 13:40:35] Time for norm_2: 520.65s
[2024-11-10 13:40:35] 117 1440 3 1440
[2024-11-10 13:40:35] Time for verify_norm_2: 19.72ms
[2024-11-10 13:41:00]  Splitting 200 chunks
[2024-11-10 13:41:00]  Precisely 372000 
[2024-11-10 13:41:08]  into 100 0 100 chunks
[2024-11-10 13:41:08]  precisely 186000 0 186000 chunks
[2024-11-10 14:17:53] Time for split: 2238.42s
[2024-11-10 14:17:53]   Time to compute initial parameters: 39.00ns
[2024-11-10 14:17:53]   Time to extract left and right columns from RHS: 20.80ms
[2024-11-10 14:17:53]   Time to compute the center commitment: 41.00ns
[2024-11-10 14:17:53]   Time to compute the multiplier: 394.08µs
[2024-11-10 14:17:53]   Time for row-wise tensor product: 6.41ms
[2024-11-10 14:17:53]   Time to combine results and verify the commitment: 14.31ms
[2024-11-10 14:17:53] Time for verify_split: 57.82ms
[2024-11-10 14:17:53] Time for challenge fold: 9.85ms
[2024-11-10 14:28:41] Time for fold: 647.50s
[2024-11-10 14:28:41] Time for fold verifier: 455.64ms
[2024-11-10 14:28:44]   Time to transpose witness: 1.87s
[2024-11-10 14:29:31]   Time to convolve rows: 46.98s
[2024-11-10 14:29:33]   Time for square root decomposition: 2.42s
[2024-11-10 14:29:34]   Time to get power_series_sub: 960.83ms
[2024-11-10 14:30:43]   Time to compute new RHS: 69.36s
[2024-11-10 14:30:45] Time for norm_1: 123.70s
[2024-11-10 14:30:46] Time for norm_challenge: 1.07s
[2024-11-10 14:30:47] 186000, 186000
[2024-11-10 14:31:17] Time for norm_2: 30.46s
[2024-11-10 14:31:17] 120 144 3 144
[2024-11-10 14:31:17] Time for verify_norm_2: 2.40ms
[2024-11-10 14:31:21]  Splitting 100 chunks
[2024-11-10 14:31:21]  Precisely 186000 
[2024-11-10 14:31:21]  into 50 0 50 chunks
[2024-11-10 14:31:21]  precisely 93000 0 93000 chunks
[2024-11-10 14:33:08] Time for split: 111.12s
[2024-11-10 14:33:08]   Time to compute initial parameters: 41.00ns
[2024-11-10 14:33:08]   Time to extract left and right columns from RHS: 1.72ms
[2024-11-10 14:33:08]   Time to compute the center commitment: 37.00ns
[2024-11-10 14:33:08]   Time to compute the multiplier: 376.49µs
[2024-11-10 14:33:08]   Time for row-wise tensor product: 1.54ms
[2024-11-10 14:33:08]   Time to combine results and verify the commitment: 1.28ms
[2024-11-10 14:33:08] Time for verify_split: 6.82ms
[2024-11-10 14:33:08] Time for challenge fold: 1.13ms
[2024-11-10 14:33:39] Time for fold: 31.02s
[2024-11-10 14:33:39] Time for fold verifier: 47.63ms
[2024-11-10 14:33:40]   Time to calculate max_inf_norm_witness: 26.42ms
[2024-11-10 14:33:40]   Time to calculate parts: 1.26µs
[2024-11-10 14:33:40]   Time to transpose witness: 146.87ms
[2024-11-10 14:33:41]   Time to decompose columns: 301.22ms
[2024-11-10 14:33:47]   Time to zip columns horizontally: 6.29s
[2024-11-10 14:33:48]   Time to extract relevant columns from power series: 778.85ms
[2024-11-10 14:37:35]   Time to compute RHS matrix: 227.14s
[2024-11-10 14:37:36] Time for b_decomp: 235.86s
[2024-11-10 14:37:37] Time for verify_bdecomp: 513.55ms
[2024-11-10 14:41:01]   Time to transpose witness: 2.60s
[2024-11-10 14:43:58]   Time to convolve rows: 176.72s
[2024-11-10 14:44:15]   Time for square root decomposition: 16.99s
[2024-11-10 14:44:16]   Time to get power_series_sub: 618.02ms
[2024-11-10 14:51:11]   Time to compute new RHS: 415.79s
[2024-11-10 14:51:25] Time for norm_1: 626.70s
[2024-11-10 14:51:26] Time for norm_challenge: 1.06s
[2024-11-10 14:51:27] 93000, 93000
[2024-11-10 14:53:49] Time for norm_2: 142.94s
[2024-11-10 14:53:49] 123 1584 3 1584
[2024-11-10 14:53:49] Time for verify_norm_2: 21.54ms
[2024-11-10 14:53:56]  Splitting 50 chunks
[2024-11-10 14:53:56]  Precisely 93000 
[2024-11-10 14:53:57]  into 25 0 25 chunks
[2024-11-10 14:53:57]  precisely 46500 0 46500 chunks
[2024-11-10 15:04:19] Time for split: 629.59s
[2024-11-10 15:04:19]   Time to compute initial parameters: 126.00ns
[2024-11-10 15:04:19]   Time to extract left and right columns from RHS: 26.27ms
[2024-11-10 15:04:19]   Time to compute the center commitment: 42.00ns
[2024-11-10 15:04:19]   Time to compute the multiplier: 675.61µs
[2024-11-10 15:04:19]   Time for row-wise tensor product: 6.23ms
[2024-11-10 15:04:19]   Time to combine results and verify the commitment: 16.07ms
[2024-11-10 15:04:19] Time for verify_split: 67.48ms
[2024-11-10 15:04:19] Time for challenge fold: 10.91ms
[2024-11-10 15:07:13] Time for fold: 173.91s
[2024-11-10 15:07:13] Time for fold verifier: 561.15ms
[2024-11-10 15:07:24] Time for final assert_eq: 9.25s
[2024-11-10 15:07:24] VDF: 157.46s
[2024-11-10 15:07:24] PRV: 12430.42s
[2024-11-10 15:07:24] VER: 17.45s
