[2024-11-10 11:22:10] c3
[2024-11-10 11:22:10] PARAMS: MODULE: 37, TIME: 20064, CHUNKS: 57, Q: 4611686019232694273, CONDUCTOR: 24, RADIX: 21
[2024-11-10 11:22:12] OK sage
[2024-11-10 11:24:02] Time for execute_vdf: 107.06s
[2024-11-10 11:24:06] Time for transpose & reshape: 3.43s
[2024-11-10 11:24:06] Time for VDF squeeze challenge: 191.72ms
[2024-11-10 11:27:23] Time for parallel_dot_matrix_matrix (commitment): 196.94s
[2024-11-10 11:27:26] skipping opener...
[2024-11-10 11:27:37]   Time to transpose witness: 10.99s
[2024-11-10 11:32:30]   Time to convolve rows: 292.30s
[2024-11-10 11:32:45]   Time for square root decomposition: 15.05s
[2024-11-10 11:32:48]   Time to get power_series_sub: 3.56s
[2024-11-10 11:40:19]   Time to compute new RHS: 450.93s
[2024-11-10 11:40:34] Time for norm_1: 787.27s
[2024-11-10 11:40:35] Time for norm_challenge: 1.20s
[2024-11-10 11:40:36] 807488, 807488
[2024-11-10 11:43:22] Time for norm_2: 167.40s
[2024-11-10 11:43:22] 146 171 3 171
[2024-11-10 11:43:22] Time for verify_norm_2: 3.47ms
[2024-11-10 11:43:53]  Splitting 352 chunks
[2024-11-10 11:43:53]  Precisely 807488 
[2024-11-10 11:43:55]  into 176 0 176 chunks
[2024-11-10 11:43:55]  precisely 403744 0 403744 chunks
[2024-11-10 11:54:58] Time for split: 695.82s
[2024-11-10 11:54:58]   Time to compute initial parameters: 36.00ns
[2024-11-10 11:54:58]   Time to extract left and right columns from RHS: 1.43ms
[2024-11-10 11:54:58]   Time to compute the center commitment: 49.00ns
[2024-11-10 11:54:58]   Time to compute the multiplier: 622.00µs
[2024-11-10 11:54:58]   Time for row-wise tensor product: 1.66ms
[2024-11-10 11:54:58]   Time to combine results and verify the commitment: 1.75ms
[2024-11-10 11:54:58] Time for verify_split: 7.43ms
[2024-11-10 11:54:58] Time for challenge fold: 1.73ms
[2024-11-10 11:58:25] Time for fold: 206.66s
[2024-11-10 11:58:25] Time for fold verifier: 73.91ms
[2024-11-10 11:58:31]   Time to transpose witness: 5.30s
[2024-11-10 12:00:45]   Time to convolve rows: 134.10s
[2024-11-10 12:00:52]   Time for square root decomposition: 6.87s
[2024-11-10 12:00:54]   Time to get power_series_sub: 2.02s
[2024-11-10 12:04:43]   Time to compute new RHS: 229.07s
[2024-11-10 12:04:51] Time for norm_1: 384.62s
[2024-11-10 12:04:52] Time for norm_challenge: 1.20s
[2024-11-10 12:04:53] 403744, 403744
[2024-11-10 12:06:20] Time for norm_2: 88.14s
[2024-11-10 12:06:20] 149 171 3 171
[2024-11-10 12:06:20] Time for verify_norm_2: 3.49ms
[2024-11-10 12:06:29]  Splitting 176 chunks
[2024-11-10 12:06:29]  Precisely 403744 
[2024-11-10 12:06:30]  into 88 0 88 chunks
[2024-11-10 12:06:30]  precisely 201872 0 201872 chunks
[2024-11-10 12:12:26] Time for split: 366.05s
[2024-11-10 12:12:26]   Time to compute initial parameters: 40.00ns
[2024-11-10 12:12:26]   Time to extract left and right columns from RHS: 2.71ms
[2024-11-10 12:12:26]   Time to compute the center commitment: 38.00ns
[2024-11-10 12:12:26]   Time to compute the multiplier: 605.50µs
[2024-11-10 12:12:26]   Time for row-wise tensor product: 1.21ms
[2024-11-10 12:12:26]   Time to combine results and verify the commitment: 1.83ms
[2024-11-10 12:12:26] Time for verify_split: 9.78ms
[2024-11-10 12:12:26] Time for challenge fold: 1.69ms
[2024-11-10 12:14:09] Time for fold: 103.42s
[2024-11-10 12:14:09] Time for fold verifier: 75.15ms
[2024-11-10 12:14:10]   Time to calculate max_inf_norm_witness: 57.07ms
[2024-11-10 12:14:10]   Time to calculate parts: 11.12µs
[2024-11-10 12:14:11]   Time to transpose witness: 466.50ms
[2024-11-10 12:14:11]   Time to decompose columns: 689.76ms
[2024-11-10 12:14:30]   Time to zip columns horizontally: 19.16s
[2024-11-10 12:14:31]   Time to extract relevant columns from power series: 871.89ms
[2024-11-10 12:25:13]   Time to compute RHS matrix: 641.80s
[2024-11-10 12:25:15] Time for b_decomp: 665.25s
[2024-11-10 12:25:16] Time for verify_bdecomp: 735.33ms
[2024-11-10 12:35:02]   Time to transpose witness: 4.82s
[2024-11-10 12:41:58]   Time to convolve rows: 416.26s
[2024-11-10 12:42:42]   Time for square root decomposition: 43.65s
[2024-11-10 12:42:42]   Time to get power_series_sub: 877.39ms
[2024-11-10 13:01:52]   Time to compute new RHS: 1149.65s
[2024-11-10 13:02:28] Time for norm_1: 1651.12s
[2024-11-10 13:02:29] Time for norm_challenge: 1.25s
[2024-11-10 13:02:30] 201872, 201872
[2024-11-10 13:09:25] Time for norm_2: 416.02s
[2024-11-10 13:09:25] 152 1710 3 1710
[2024-11-10 13:09:25] Time for verify_norm_2: 21.93ms
[2024-11-10 13:09:42]  Splitting 88 chunks
[2024-11-10 13:09:42]  Precisely 201872 
[2024-11-10 13:09:46]  into 44 0 44 chunks
[2024-11-10 13:09:46]  precisely 100936 0 100936 chunks
[2024-11-10 13:43:52] Time for split: 2066.95s
[2024-11-10 13:43:52]   Time to compute initial parameters: 39.00ns
[2024-11-10 13:43:52]   Time to extract left and right columns from RHS: 19.15ms
[2024-11-10 13:43:52]   Time to compute the center commitment: 39.00ns
[2024-11-10 13:43:52]   Time to compute the multiplier: 589.31µs
[2024-11-10 13:43:52]   Time for row-wise tensor product: 8.24ms
[2024-11-10 13:43:52]   Time to combine results and verify the commitment: 14.74ms
[2024-11-10 13:43:52] Time for verify_split: 56.53ms
[2024-11-10 13:43:52] Time for challenge fold: 18.23ms
[2024-11-10 13:52:26] Time for fold: 514.01s
[2024-11-10 13:52:27] Time for fold verifier: 934.56ms
[2024-11-10 13:52:30]   Time to transpose witness: 1.34s
[2024-11-10 13:52:59]   Time to convolve rows: 29.05s
[2024-11-10 13:53:01]   Time for square root decomposition: 1.56s
[2024-11-10 13:53:02]   Time to get power_series_sub: 743.35ms
[2024-11-10 13:54:09]   Time to compute new RHS: 67.52s
[2024-11-10 13:54:11] Time for norm_1: 102.15s
[2024-11-10 13:54:12] Time for norm_challenge: 1.22s
[2024-11-10 13:54:12] 100936, 100936
[2024-11-10 13:54:35] Time for norm_2: 22.48s
[2024-11-10 13:54:35] 155 171 3 171
[2024-11-10 13:54:35] Time for verify_norm_2: 3.52ms
[2024-11-10 13:54:36]  Splitting 44 chunks
[2024-11-10 13:54:36]  Precisely 100936 
[2024-11-10 13:54:36]  into 22 0 22 chunks
[2024-11-10 13:54:36]  precisely 50468 0 50468 chunks
[2024-11-10 13:56:21] Time for split: 106.74s
[2024-11-10 13:56:21]   Time to compute initial parameters: 38.00ns
[2024-11-10 13:56:21]   Time to extract left and right columns from RHS: 3.44ms
[2024-11-10 13:56:21]   Time to compute the center commitment: 38.00ns
[2024-11-10 13:56:21]   Time to compute the multiplier: 578.35µs
[2024-11-10 13:56:21]   Time for row-wise tensor product: 1.62ms
[2024-11-10 13:56:21]   Time to combine results and verify the commitment: 2.60ms
[2024-11-10 13:56:21] Time for verify_split: 11.69ms
[2024-11-10 13:56:21] Time for challenge fold: 1.68ms
[2024-11-10 13:56:47] Time for fold: 25.57s
[2024-11-10 13:56:47] Time for fold verifier: 90.72ms
[2024-11-10 13:56:48]   Time to calculate max_inf_norm_witness: 12.73ms
[2024-11-10 13:56:48]   Time to calculate parts: 1.75µs
[2024-11-10 13:56:48]   Time to transpose witness: 57.23ms
[2024-11-10 13:56:48]   Time to decompose columns: 175.31ms
[2024-11-10 13:56:52]   Time to zip columns horizontally: 4.31s
[2024-11-10 13:56:53]   Time to extract relevant columns from power series: 498.82ms
[2024-11-10 14:00:01]   Time to compute RHS matrix: 188.20s
[2024-11-10 14:00:02] Time for b_decomp: 193.84s
[2024-11-10 14:00:02] Time for verify_bdecomp: 757.99ms
[2024-11-10 14:03:15]   Time to transpose witness: 1.50s
[2024-11-10 14:04:52]   Time to convolve rows: 97.11s
[2024-11-10 14:05:02]   Time for square root decomposition: 10.28s
[2024-11-10 14:05:03]   Time to get power_series_sub: 492.41ms
[2024-11-10 14:11:22]   Time to compute new RHS: 379.76s
[2024-11-10 14:11:32] Time for norm_1: 498.94s
[2024-11-10 14:11:33] Time for norm_challenge: 1.25s
[2024-11-10 14:11:34] 50468, 50468
[2024-11-10 14:13:23] Time for norm_2: 109.99s
[2024-11-10 14:13:23] 158 1881 3 1881
[2024-11-10 14:13:23] Time for verify_norm_2: 25.57ms
[2024-11-10 14:13:28]  Splitting 22 chunks
[2024-11-10 14:13:28]  Precisely 50468 
[2024-11-10 14:13:29]  into 11 0 11 chunks
[2024-11-10 14:13:29]  precisely 25234 0 25234 chunks
[2024-11-10 14:23:04] Time for split: 580.70s
[2024-11-10 14:23:04]   Time to compute initial parameters: 36.00ns
[2024-11-10 14:23:04]   Time to extract left and right columns from RHS: 32.17ms
[2024-11-10 14:23:04]   Time to compute the center commitment: 40.00ns
[2024-11-10 14:23:04]   Time to compute the multiplier: 609.65µs
[2024-11-10 14:23:04]   Time for row-wise tensor product: 10.38ms
[2024-11-10 14:23:04]   Time to combine results and verify the commitment: 25.04ms
[2024-11-10 14:23:04] Time for verify_split: 100.11ms
[2024-11-10 14:23:04] Time for challenge fold: 20.11ms
[2024-11-10 14:25:26] Time for fold: 141.25s
[2024-11-10 14:25:27] Time for fold verifier: 1.08s
[2024-11-10 14:25:36] Time for final assert_eq: 8.79s
[2024-11-10 14:25:36] VDF: 107.06s
[2024-11-10 14:25:36] PRV: 10094.75s
[2024-11-10 14:25:36] VER: 19.15s
